{"total": {"lines":{"total":158,"covered":76,"skipped":0,"pct":48.1},"statements":{"total":177,"covered":87,"skipped":0,"pct":49.15},"functions":{"total":27,"covered":9,"skipped":0,"pct":33.33},"branches":{"total":44,"covered":13,"skipped":0,"pct":29.54},"branchesTrue":{"total":0,"covered":0,"skipped":0,"pct":100}}
,"/data-files/Projects/libchrono/time/src/calculations.ts": {"lines":{"total":23,"covered":18,"skipped":0,"pct":78.26},"functions":{"total":4,"covered":3,"skipped":0,"pct":75},"statements":{"total":25,"covered":20,"skipped":0,"pct":80},"branches":{"total":4,"covered":2,"skipped":0,"pct":50}}
,"/data-files/Projects/libchrono/time/src/checkers.ts": {"lines":{"total":7,"covered":7,"skipped":0,"pct":100},"functions":{"total":4,"covered":0,"skipped":0,"pct":0},"statements":{"total":15,"covered":11,"skipped":0,"pct":73.33},"branches":{"total":0,"covered":0,"skipped":0,"pct":100}}
,"/data-files/Projects/libchrono/time/src/converters.ts": {"lines":{"total":36,"covered":16,"skipped":0,"pct":44.44},"functions":{"total":5,"covered":0,"skipped":0,"pct":0},"statements":{"total":38,"covered":18,"skipped":0,"pct":47.36},"branches":{"total":10,"covered":0,"skipped":0,"pct":0}}
,"/data-files/Projects/libchrono/time/src/extractors.ts": {"lines":{"total":19,"covered":13,"skipped":0,"pct":68.42},"functions":{"total":3,"covered":1,"skipped":0,"pct":33.33},"statements":{"total":21,"covered":15,"skipped":0,"pct":71.42},"branches":{"total":6,"covered":1,"skipped":0,"pct":16.66}}
,"/data-files/Projects/libchrono/time/src/generators.ts": {"lines":{"total":35,"covered":0,"skipped":0,"pct":0},"functions":{"total":5,"covered":0,"skipped":0,"pct":0},"statements":{"total":39,"covered":0,"skipped":0,"pct":0},"branches":{"total":8,"covered":0,"skipped":0,"pct":0}}
,"/data-files/Projects/libchrono/time/src/index.ts": {"lines":{"total":9,"covered":0,"skipped":0,"pct":0},"functions":{"total":0,"covered":0,"skipped":0,"pct":100},"statements":{"total":9,"covered":0,"skipped":0,"pct":0},"branches":{"total":0,"covered":0,"skipped":0,"pct":100}}
,"/data-files/Projects/libchrono/time/src/regexps.ts": {"lines":{"total":4,"covered":4,"skipped":0,"pct":100},"functions":{"total":0,"covered":0,"skipped":0,"pct":100},"statements":{"total":4,"covered":4,"skipped":0,"pct":100},"branches":{"total":0,"covered":0,"skipped":0,"pct":100}}
,"/data-files/Projects/libchrono/time/src/utils.ts": {"lines":{"total":6,"covered":1,"skipped":0,"pct":16.66},"functions":{"total":1,"covered":0,"skipped":0,"pct":0},"statements":{"total":7,"covered":2,"skipped":0,"pct":28.57},"branches":{"total":6,"covered":0,"skipped":0,"pct":0}}
,"/data-files/Projects/libchrono/time/src/type/meridiem-time-components.ts": {"lines":{"total":1,"covered":0,"skipped":0,"pct":0},"functions":{"total":0,"covered":0,"skipped":0,"pct":100},"statements":{"total":1,"covered":0,"skipped":0,"pct":0},"branches":{"total":0,"covered":0,"skipped":0,"pct":100}}
,"/data-files/Projects/libchrono/time/src/type/military-time-components.ts": {"lines":{"total":1,"covered":0,"skipped":0,"pct":0},"functions":{"total":0,"covered":0,"skipped":0,"pct":100},"statements":{"total":1,"covered":0,"skipped":0,"pct":0},"branches":{"total":0,"covered":0,"skipped":0,"pct":100}}
,"/data-files/Projects/libchrono/time/src/type/enum/meridiem.ts": {"lines":{"total":13,"covered":13,"skipped":0,"pct":100},"functions":{"total":4,"covered":4,"skipped":0,"pct":100},"statements":{"total":13,"covered":13,"skipped":0,"pct":100},"branches":{"total":8,"covered":8,"skipped":0,"pct":100}}
,"/data-files/Projects/libchrono/time/src/type/enum/time-component.ts": {"lines":{"total":4,"covered":4,"skipped":0,"pct":100},"functions":{"total":1,"covered":1,"skipped":0,"pct":100},"statements":{"total":4,"covered":4,"skipped":0,"pct":100},"branches":{"total":2,"covered":2,"skipped":0,"pct":100}}
}
